05/08/2023	12:04:35	315105a8-bcf8-4eca-a62f-d75c0ea7f418	GET	    undefined   /favicon.ico
05/08/2023	12:04:51	3d9bcdf0-aee4-402d-a133-54a9cbc3d415	POST	http://localhost:3000	/upload
05/08/2023	12:06:50	1f46143f-38f4-4677-a39c-0736de1db784	POST	http://localhost:3000	/upload
05/08/2023	12:07:43	40ed093e-1594-4a79-8116-21198ff4d58c	POST	http://localhost:3000	/upload
05/08/2023	12:09:19	4181b011-2cec-4ecc-86cb-3f80d8a89763	GET     http://localhost:3000	/getplot
05/08/2023	12:09:33	58bddf2c-8a2c-4d29-9192-dc64272b86d8	GET	    http://localhost:3000	/getplot
05/08/2023	12:09:44	87beaef7-e782-47d4-8799-d0a5eeb33bf1	GET	    http://localhost:3000	/getplot
05/08/2023	12:10:03	1eb0068b-d70d-42cc-b747-1300e571b8c3	OPTIONS	http://localhost:3000	/jsontoglm
05/08/2023	12:10:03	37df3692-941f-4c4c-adf7-3f7d89d0cfa0	POST	http://localhost:3000	/jsontoglm
05/08/2023	12:10:19	1690cf43-2c48-45fb-baa3-544fa6409aa1	OPTIONS	http://localhost:3000	/jsontoglm
05/08/2023	12:10:19	70f3d52e-6afa-4d5d-9f81-c5f0a452223b	POST	http://localhost:3000	/jsontoglm
05/08/2023	12:10:42	000e79bf-5d9f-4289-aef2-2361d129d041	OPTIONS	http://localhost:3000	/jsontoglm
05/08/2023	12:10:42	37726853-2023-40bd-b081-9f7318ed0eb1	POST	http://localhost:3000	/jsontoglm
05/08/2023	12:14:40	bfb793de-1528-4baf-9765-208a8c86d5be	POST	http://localhost:3000	/upload
05/08/2023	12:15:19	e8a4fca4-5023-4cfe-b1af-9cbb730dcb45	POST	http://localhost:3000	/upload
05/08/2023	12:17:33	864bdd7a-1551-462c-8381-2a576c5afe76	GET	    http://localhost:3000	/getplot
05/08/2023	12:19:04	9efe5108-ac22-482d-aa4c-6fb68daeac53	POST	http://localhost:3000	/upload
05/08/2023	12:21:40	d9535348-1665-403a-8c1b-95c9979c4825	POST	http://localhost:3000	/upload
05/09/2023	11:02:31	f53b765e-c7e2-40a5-812e-b4d1b3f3048b	POST	http://localhost:3000	/upload
05/09/2023	12:36:53	c9e49a68-08db-4a97-9aec-79196d541b1e	GET	undefined	/favicon.ico
05/09/2023	12:37:21	1ac26ace-0ee7-465b-a5cf-169db0e20219	POST	http://localhost:3000	/upload
05/09/2023	12:39:13	788a4d33-6f5b-43c3-8c6d-87cb619174e7	POST	http://localhost:3000	/upload
05/09/2023	12:40:03	0bc8e79f-bcde-4a80-96b6-ddd34858eac1	POST	http://localhost:3000	/upload
05/09/2023	17:18:17	d2bd3a7b-087b-4440-b97b-6852309b627d	GET	undefined	/favicon.ico
05/09/2023	17:21:39	a9116e64-235c-4339-b7dd-0eecf935c5ee	POST	http://localhost:3000	/upload
05/09/2023	17:30:01	83cf15d5-e488-4489-9d4d-a22c89226d7d	POST	http://localhost:3000	/upload
05/09/2023	17:59:47	547a381a-5a34-4c77-8053-831435f44d58	POST	http://localhost:3000	/upload
05/09/2023	18:01:52	3d551fed-890b-4ebb-806e-e435a208e8b5	POST	http://localhost:3000	/upload
05/09/2023	18:03:19	7eec35b6-3854-40b2-b7d5-2a28f06f817a	POST	http://localhost:3000	/upload
05/10/2023	10:22:13	3ac9eb7c-77c3-480c-93f1-de8ba04afd9e	GET	undefined	/favicon.ico
05/10/2023	10:22:36	cd4d0c8f-a0ec-48b4-975d-9e56dedab7be	POST	http://localhost:3000	/upload
05/11/2023	08:46:00	af3c243d-3f46-4f2d-9b27-df29cc59e41c	GET	undefined	/favicon.ico
05/11/2023	08:46:29	f02f094b-b91e-4969-bcca-e83bd331debc	POST	http://localhost:3000	/upload
05/11/2023	08:48:51	e05752e8-44a1-492f-9105-b67ff025a5d6	POST	http://localhost:3000	/upload
05/11/2023	08:50:53	782f3378-a88f-4e45-a709-678901d470fe	POST	http://localhost:3000	/upload
05/11/2023	08:51:35	d7d9540e-cf5b-4a2c-975a-43b903721cb2	POST	http://localhost:3000	/upload
05/11/2023	08:52:39	7038fb0c-aa76-4337-884f-38008186be85	POST	http://localhost:3000	/upload
05/11/2023	08:53:27	d453d2da-884f-4914-b1c8-60a7692340b6	POST	http://localhost:3000	/upload
05/11/2023	08:56:30	2a7bda07-8385-466f-8ff1-cad192d68942	POST	http://localhost:3000	/upload
05/11/2023	09:02:45	4c2988f6-bb5e-4713-8fad-264fa5f983d8	POST	http://localhost:3000	/upload
05/11/2023	09:03:44	e6daacf9-ec38-445f-93ad-299b009d187e	GET	http://localhost:3000	/getplot
05/11/2023	09:04:25	ca0df20b-aece-4b60-9763-515c38eccdbb	OPTIONS	http://localhost:3000	/jsontoglm
05/11/2023	09:04:25	fae66eee-3f8d-42bc-ae02-710b79a7ae90	POST	http://localhost:3000	/jsontoglm
05/11/2023	09:35:08	b78fd09e-dcd1-4939-9ba8-0a93dc405825	POST	http://localhost:3000	/upload
05/11/2023	09:36:08	055af08b-b11c-4b31-ad63-2eaeb5273777	POST	http://localhost:3000	/upload
05/11/2023	09:43:39	663546a5-13bf-48d3-adf8-6c04175cda87	POST	http://localhost:3000	/upload
05/11/2023	09:44:00	12c13965-7ab3-4c90-a131-36b60b000a6f	POST	http://localhost:3000	/upload
05/11/2023	09:46:05	fa4087ea-b2eb-4c52-83ab-832730da7740	POST	http://localhost:3000	/upload
05/11/2023	10:10:51	26b30230-793e-4210-ab78-f5f272e651e8	POST	http://localhost:3000	/upload
05/11/2023	10:12:49	24e8d282-4e25-45aa-a58f-d544dac7a264	GET	http://localhost:3000	/getplot
05/11/2023	10:13:48	d91fd7f4-fa1b-41ed-915d-c5be5a64dc21	OPTIONS	http://localhost:3000	/jsontoglm
05/11/2023	10:13:48	24f84c1f-63ba-4d92-9a66-0fbec3f9f356	POST	http://localhost:3000	/jsontoglm
